{"numFailedTestSuites":0,"numFailedTests":0,"numPassedTestSuites":2,"numPassedTests":3,"numPendingTestSuites":0,"numPendingTests":0,"numRuntimeErrorTestSuites":0,"numTodoTests":0,"numTotalTestSuites":2,"numTotalTests":3,"openHandles":[],"snapshot":{"added":0,"didUpdate":false,"failure":false,"filesAdded":0,"filesRemoved":0,"filesRemovedList":[],"filesUnmatched":0,"filesUpdated":0,"matched":0,"total":0,"unchecked":0,"uncheckedKeysByFile":[],"unmatched":0,"updated":0},"startTime":1620488208331,"success":false,"testResults":[{"leaks":false,"numFailingTests":0,"numPassingTests":1,"numPendingTests":0,"numTodoTests":0,"openHandles":[],"perfStats":{"end":1620488208998,"runtime":635,"slow":false,"start":1620488208363},"skipped":false,"snapshot":{"added":0,"fileDeleted":false,"matched":0,"unchecked":0,"unmatched":0,"updated":0,"uncheckedKeys":[]},"testFilePath":"/home/brad/htdocs/finished-starter/tests/js--toggle-below.test.js","testResults":[{"ancestorTitles":["\"Toggle below\" JavaScript functionality"],"duration":9,"failureDetails":[],"failureMessages":[],"fullName":"\"Toggle below\" JavaScript functionality Toggle button says \"Example\" and exists on page.","location":null,"numPassingAsserts":0,"status":"passed","title":"Toggle button says \"Example\" and exists on page."}],"failureMessage":null},{"leaks":false,"numFailingTests":0,"numPassingTests":2,"numPendingTests":0,"numTodoTests":0,"openHandles":[],"perfStats":{"end":1620488209216,"runtime":207,"slow":false,"start":1620488209009},"skipped":false,"snapshot":{"added":0,"fileDeleted":false,"matched":0,"unchecked":0,"unmatched":0,"updated":0,"uncheckedKeys":[]},"testFilePath":"/home/brad/htdocs/finished-starter/tests/connectivity.test.js","testResults":[{"ancestorTitles":["Test suite connectivity"],"duration":3,"failureDetails":[],"failureMessages":[],"fullName":"Test suite connectivity Page title for finished starter","location":null,"numPassingAsserts":0,"status":"passed","title":"Page title for finished starter"},{"ancestorTitles":["Test suite connectivity"],"duration":5,"failureDetails":[],"failureMessages":[],"fullName":"Test suite connectivity Home page contains H1 with \"What you do, in clear words\"","location":null,"numPassingAsserts":0,"status":"passed","title":"Home page contains H1 with \"What you do, in clear words\""}],"failureMessage":null}],"wasInterrupted":false}